2024-07-08 11:35:00 +07:00: 
2024-07-08 11:35:00 +07:00: > nanta-next@1.0.0 start:worker
2024-07-08 11:35:00 +07:00: > ts-node -r dotenv/config --project tsconfig.ts-node.json src/workers/worker.ts dotenv_config_path=.env.local
2024-07-08 11:35:00 +07:00: 
2024-07-08 11:35:00 +07:00: Current working directory: /Users/parunpatpatchaichaiyakorn/nanta-next
2024-07-08 11:35:00 +07:00: __dirname: /Users/parunpatpatchaichaiyakorn/nanta-next/src/workers
2024-07-08 11:35:00 +07:00: Environment variables loaded
2024-07-08 11:35:00 +07:00: LINE_CHANNEL_ACCESS_TOKEN: Set
2024-07-08 11:35:00 +07:00: REDIS_URL: Set
2024-07-08 11:35:01 +07:00: Registration queue initialized
2024-07-08 11:35:01 +07:00: Registration queue initialized
2024-07-08 11:35:01 +07:00: Worker started, waiting for jobs...
2024-07-08 11:36:01 +07:00: Worker still running...
2024-07-08 11:37:01 +07:00: Worker still running...
2024-07-08 11:38:01 +07:00: Worker still running...
2024-07-08 11:39:01 +07:00: Worker still running...
2024-07-08 11:40:01 +07:00: Worker still running...
2024-07-08 11:41:01 +07:00: Worker still running...
2024-07-08 11:42:01 +07:00: Worker still running...
2024-07-08 11:43:01 +07:00: Worker still running...
2024-07-08 11:44:01 +07:00: Worker still running...
2024-07-08 11:45:01 +07:00: Worker still running...
2024-07-08 11:46:01 +07:00: Worker still running...
2024-07-08 11:47:01 +07:00: Worker still running...
2024-07-08 11:48:01 +07:00: Worker still running...
2024-07-08 11:49:01 +07:00: Worker still running...
2024-07-08 11:50:01 +07:00: Worker still running...
2024-07-08 11:51:01 +07:00: Worker still running...
2024-07-08 11:52:01 +07:00: Worker still running...
2024-07-08 11:53:01 +07:00: Worker still running...
2024-07-08 11:54:01 +07:00: Worker still running...
2024-07-08 11:55:01 +07:00: Worker still running...
2024-07-08 11:56:01 +07:00: Worker still running...
2024-07-08 11:57:41 +07:00: Worker still running...
2024-07-08 12:11:07 +07:00: Worker still running...
2024-07-08 12:12:07 +07:00: Worker still running...
2024-07-08 12:13:07 +07:00: Worker still running...
2024-07-08 12:14:07 +07:00: Worker still running...
